PLINK v1.90b5.4 64-bit (10 Apr 2018)
Options in effect:
  --bfile ../tiwi_1kg_andaman
  --out Tiwi_1kg_andaman_pca
  --pca

Hostname: cl4n091
Working directory: /lustre/scratch/NagarajLab_BG/indigen_proj/8_jointgenotypge/sentieon_combined_vcf/Tiwi_174_hardeep38_SN19/plink_files/PCA
Start time: Fri Apr  3 16:17:38 2020

Random number seed: 1585894658
386377 MB RAM detected; reserving 193188 MB for main workspace.
582046 variants loaded from .bim file.
2689 people (1233 males, 1271 females, 185 ambiguous) loaded from .fam.
Ambiguous sex IDs written to Tiwi_1kg_andaman_pca.nosex .
Using up to 71 threads (change this with --threads).
Before main variant filters, 2682 founders and 7 nonfounders present.
Calculating allele frequencies... done.
Total genotyping rate is 0.517453.
582046 variants and 2689 people pass filters and QC.
Note: No phenotypes present.
Relationship matrix calculation complete.
--pca: Results saved to Tiwi_1kg_andaman_pca.eigenval and
Tiwi_1kg_andaman_pca.eigenvec .

End time: Fri Apr  3 16:23:06 2020
